<?xml version="1.0" encoding="UTF-8"?>
<!-- Generated by org.testng.reporters.JUnitReportReporter -->
<testsuite skipped="0" hostname="BHAVYA" name="selenium.Testng.NewTest" tests="5" failures="0" timestamp="26 May 2020 02:41:25 GMT" time="0.048" errors="0">
  <testcase name="registerCustomer" time="0.008" classname="selenium.Testng.NewTest"/>
  <testcase name="deleteCustomer" time="0.010" classname="selenium.Testng.NewTest"/>
  <testcase name="aeleteCustomer0" time="0.012" classname="selenium.Testng.NewTest"/>
  <testcase name="editCustomer" time="0.007" classname="selenium.Testng.NewTest"/>
  <testcase name="editCustomer" time="0.011" classname="selenium.Testng.NewTest"/>
</testsuite> <!-- selenium.Testng.NewTest -->
