<?xml version="1.0" encoding="UTF-8"?>
<!-- Generated by org.testng.reporters.JUnitReportReporter -->
<testsuite skipped="0" hostname="BHAVYA" name="testngprograms.TestDemo" tests="1" failures="0" timestamp="21 May 2020 03:53:45 GMT" time="0.025" errors="0">
  <testcase name="test1" time="0.025" classname="testngprograms.TestDemo"/>
</testsuite> <!-- testngprograms.TestDemo -->
