<?xml version="1.0" encoding="UTF-8"?>
<!-- Generated by org.testng.reporters.JUnitReportReporter -->
<testsuite skipped="0" hostname="BHAVYA" name="POM.TestCase1" tests="1" failures="0" timestamp="31 Mar 2020 06:37:14 GMT" time="3.129" errors="0">
  <testcase name="Login" time="3.129" classname="POM.TestCase1"/>
</testsuite> <!-- POM.TestCase1 -->
