<?xml version="1.0" encoding="UTF-8"?>
<!-- Generated by org.testng.reporters.JUnitReportReporter -->
<testsuite skipped="0" hostname="DESKTOP-DEIT5NK" name="selenium.Testng.Demo" tests="4" failures="0" timestamp="21 Sep 2018 07:04:19 GMT" time="0.028" errors="0">
  <testcase name="delete" time="0.003" classname="selenium.Testng.Demo"/>
  <testcase name="create" time="0.020" classname="selenium.Testng.Demo"/>
  <testcase name="create" time="0.002" classname="selenium.Testng.Demo"/>
  <testcase name="edit" time="0.003" classname="selenium.Testng.Demo"/>
</testsuite> <!-- selenium.Testng.Demo -->
